The ``say_my_name`` test module
===============================

Using ``say_my_name``
---------------------

>>> say_my_name = __import__('3-say_my_name').say_my_name

Correct tests:

>>> say_my_name("John", "Smith")
My name is John Smith

>>> say_my_name("Walter", "White")
My name is Walter White

>>> say_my_name("Bob")
My name is Bob 

Incorrect tests:

>>> say_my_name(12, "White")
Traceback (most recent call last):
TypeError: first_name must be a string

>>> say_my_name("White", 12)
Traceback (most recent call last):
TypeError: last_name must be a string

>>> say_my_name()
Traceback (most recent call last):
TypeError: say_my_name() missing 1 required positional argument: 'first_name'